# JRE version: Java(TM) SE Runtime Environment (8.0_92-b14) (build 1.8.0_92-b14)
# Java VM: Java HotSpot(TM) 64-Bit Server VM (25.92-b14 mixed mode linux-amd64 compressed oops)
Heap:
 PSYoungGen      total 2743296K, used 434326K [0x0000000715580000, 0x00000007c0000000, 0x00000007c0000000)
  eden space 2740736K, 15% used [0x0000000715580000,0x000000072fda5ac0,0x00000007bca00000)
  from space 2560K, 0% used [0x00000007bfd80000,0x00000007bfd80000,0x00000007c0000000)
  to   space 27648K, 0% used [0x00000007bca00000,0x00000007bca00000,0x00000007be500000)
 ParOldGen       total 5592576K, used 72963K [0x00000005c0000000, 0x0000000715580000, 0x0000000715580000)
  object space 5592576K, 1% used [0x00000005c0000000,0x00000005c4740e60,0x0000000715580000)
 Metaspace       used 41696K, capacity 41895K, committed 42328K, reserved 1085440K
  class space    used 6670K, capacity 6734K, committed 6784K, reserved 1048576K
GC Heap History (10 events):
Event: 119,692 GC heap before
{Heap before GC invocations=100 (full 0):
 PSYoungGen      total 2793472K, used 2792271K [0x0000000715580000, 0x00000007c0000000, 0x00000007c0000000)
  eden space 2790912K, 100% used [0x0000000715580000,0x00000007bfb00000,0x00000007bfb00000)
  from space 2560K, 53% used [0x00000007bfb00000,0x00000007bfc53fb8,0x00000007bfd80000)
  to   space 2560K, 0% used [0x00000007bfd80000,0x00000007bfd80000,0x00000007c0000000)
 ParOldGen       total 5592576K, used 11720K [0x00000005c0000000, 0x0000000715580000, 0x0000000715580000)
  object space 5592576K, 0% used [0x00000005c0000000,0x00000005c0b72178,0x0000000715580000)
 Metaspace       used 13281K, capacity 13560K, committed 13824K, reserved 1060864K
  class space    used 2429K, capacity 2452K, committed 2560K, reserved 1048576K
Event: 119,694 GC heap after
Heap after GC invocations=100 (full 0):
 PSYoungGen      total 2793472K, used 1800K [0x0000000715580000, 0x00000007c0000000, 0x00000007c0000000)
  eden space 2790912K, 0% used [0x0000000715580000,0x0000000715580000,0x00000007bfb00000)
  from space 2560K, 70% used [0x00000007bfd80000,0x00000007bff421a0,0x00000007c0000000)
  to   space 2560K, 0% used [0x00000007bfb00000,0x00000007bfb00000,0x00000007bfd80000)
 ParOldGen       total 5592576K, used 11807K [0x00000005c0000000, 0x0000000715580000, 0x0000000715580000)
  object space 5592576K, 0% used [0x00000005c0000000,0x00000005c0b87f90,0x0000000715580000)
 Metaspace       used 13281K, capacity 13560K, committed 13824K, reserved 1060864K
  class space    used 2429K, capacity 2452K, committed 2560K, reserved 1048576K
}
Event: 162,328 GC heap before
{Heap before GC invocations=101 (full 0):
 PSYoungGen      total 2793472K, used 2486242K [0x0000000715580000, 0x00000007c0000000, 0x00000007c0000000)
  eden space 2790912K, 89% used [0x0000000715580000,0x00000007acfb6740,0x00000007bfb00000)
  from space 2560K, 70% used [0x00000007bfd80000,0x00000007bff421a0,0x00000007c0000000)
  to   space 2560K, 0% used [0x00000007bfb00000,0x00000007bfb00000,0x00000007bfd80000)
 ParOldGen       total 5592576K, used 11807K [0x00000005c0000000, 0x0000000715580000, 0x0000000715580000)
  object space 5592576K, 0% used [0x00000005c0000000,0x00000005c0b87f90,0x0000000715580000)
 Metaspace       used 20922K, capacity 21104K, committed 21248K, reserved 1067008K
  class space    used 3737K, capacity 3814K, committed 3840K, reserved 1048576K
Event: 162,333 GC heap after
Heap after GC invocations=101 (full 0):
 PSYoungGen      total 2793472K, used 2539K [0x0000000715580000, 0x00000007c0000000, 0x00000007c0000000)
  eden space 2790912K, 0% used [0x0000000715580000,0x0000000715580000,0x00000007bfb00000)
  from space 2560K, 99% used [0x00000007bfb00000,0x00000007bfd7afe8,0x00000007bfd80000)
  to   space 2560K, 0% used [0x00000007bfd80000,0x00000007bfd80000,0x00000007c0000000)
 ParOldGen       total 5592576K, used 16037K [0x00000005c0000000, 0x0000000715580000, 0x0000000715580000)
  object space 5592576K, 0% used [0x00000005c0000000,0x00000005c0fa9618,0x0000000715580000)
 Metaspace       used 20922K, capacity 21104K, committed 21248K, reserved 1067008K
  class space    used 3737K, capacity 3814K, committed 3840K, reserved 1048576K
}
Event: 162,333 GC heap before
{Heap before GC invocations=102 (full 1):
 PSYoungGen      total 2793472K, used 2539K [0x0000000715580000, 0x00000007c0000000, 0x00000007c0000000)
  eden space 2790912K, 0% used [0x0000000715580000,0x0000000715580000,0x00000007bfb00000)
  from space 2560K, 99% used [0x00000007bfb00000,0x00000007bfd7afe8,0x00000007bfd80000)
  to   space 2560K, 0% used [0x00000007bfd80000,0x00000007bfd80000,0x00000007c0000000)
 ParOldGen       total 5592576K, used 16037K [0x00000005c0000000, 0x0000000715580000, 0x0000000715580000)
  object space 5592576K, 0% used [0x00000005c0000000,0x00000005c0fa9618,0x0000000715580000)
 Metaspace       used 20922K, capacity 21104K, committed 21248K, reserved 1067008K
  class space    used 3737K, capacity 3814K, committed 3840K, reserved 1048576K
Event: 162,356 GC heap after
Heap after GC invocations=102 (full 1):
 PSYoungGen      total 2793472K, used 0K [0x0000000715580000, 0x00000007c0000000, 0x00000007c0000000)
  eden space 2790912K, 0% used [0x0000000715580000,0x0000000715580000,0x00000007bfb00000)
  from space 2560K, 0% used [0x00000007bfb00000,0x00000007bfb00000,0x00000007bfd80000)
  to   space 2560K, 0% used [0x00000007bfd80000,0x00000007bfd80000,0x00000007c0000000)
 ParOldGen       total 5592576K, used 12922K [0x00000005c0000000, 0x0000000715580000, 0x0000000715580000)
  object space 5592576K, 0% used [0x00000005c0000000,0x00000005c0c9eae8,0x0000000715580000)
 Metaspace       used 20922K, capacity 21104K, committed 21248K, reserved 1067008K
  class space    used 3737K, capacity 3814K, committed 3840K, reserved 1048576K
}
Event: 169,614 GC heap before
{Heap before GC invocations=103 (full 1):
 PSYoungGen      total 2793472K, used 525341K [0x0000000715580000, 0x00000007c0000000, 0x00000007c0000000)
  eden space 2790912K, 18% used [0x0000000715580000,0x00000007356876a8,0x00000007bfb00000)
  from space 2560K, 0% used [0x00000007bfb00000,0x00000007bfb00000,0x00000007bfd80000)
  to   space 2560K, 0% used [0x00000007bfd80000,0x00000007bfd80000,0x00000007c0000000)
 ParOldGen       total 5592576K, used 12922K [0x00000005c0000000, 0x0000000715580000, 0x0000000715580000)
  object space 5592576K, 0% used [0x00000005c0000000,0x00000005c0c9eae8,0x0000000715580000)
 Metaspace       used 34942K, capacity 35127K, committed 35416K, reserved 1079296K
  class space    used 5660K, capacity 5734K, committed 5760K, reserved 1048576K
Event: 169,681 GC heap after
Heap after GC invocations=103 (full 1):
 PSYoungGen      total 2743296K, used 2542K [0x0000000715580000, 0x00000007c0000000, 0x00000007c0000000)
  eden space 2740736K, 0% used [0x0000000715580000,0x0000000715580000,0x00000007bca00000)
  from space 2560K, 99% used [0x00000007bfd80000,0x00000007bfffb8e8,0x00000007c0000000)
  to   space 27648K, 0% used [0x00000007bca00000,0x00000007bca00000,0x00000007be500000)
 ParOldGen       total 5592576K, used 76128K [0x00000005c0000000, 0x0000000715580000, 0x0000000715580000)
  object space 5592576K, 1% used [0x00000005c0000000,0x00000005c4a58010,0x0000000715580000)
 Metaspace       used 34942K, capacity 35127K, committed 35416K, reserved 1079296K
  class space    used 5660K, capacity 5734K, committed 5760K, reserved 1048576K
}
Event: 169,681 GC heap before
{Heap before GC invocations=104 (full 2):
 PSYoungGen      total 2743296K, used 2542K [0x0000000715580000, 0x00000007c0000000, 0x00000007c0000000)
  eden space 2740736K, 0% used [0x0000000715580000,0x0000000715580000,0x00000007bca00000)
  from space 2560K, 99% used [0x00000007bfd80000,0x00000007bfffb8e8,0x00000007c0000000)
  to   space 27648K, 0% used [0x00000007bca00000,0x00000007bca00000,0x00000007be500000)
 ParOldGen       total 5592576K, used 76128K [0x00000005c0000000, 0x0000000715580000, 0x0000000715580000)
  object space 5592576K, 1% used [0x00000005c0000000,0x00000005c4a58010,0x0000000715580000)
 Metaspace       used 34942K, capacity 35127K, committed 35416K, reserved 1079296K
  class space    used 5660K, capacity 5734K, committed 5760K, reserved 1048576K
Event: 169,849 GC heap after
Heap after GC invocations=104 (full 2):
 PSYoungGen      total 2743296K, used 0K [0x0000000715580000, 0x00000007c0000000, 0x00000007c0000000)
  eden space 2740736K, 0% used [0x0000000715580000,0x0000000715580000,0x00000007bca00000)
  from space 2560K, 0% used [0x00000007bfd80000,0x00000007bfd80000,0x00000007c0000000)
  to   space 27648K, 0% used [0x00000007bca00000,0x00000007bca00000,0x00000007be500000)
 ParOldGen       total 5592576K, used 72963K [0x00000005c0000000, 0x0000000715580000, 0x0000000715580000)
  object space 5592576K, 1% used [0x00000005c0000000,0x00000005c4740e60,0x0000000715580000)
 Metaspace       used 34942K, capacity 35127K, committed 35416K, reserved 1079296K
  class space    used 5660K, capacity 5734K, committed 5760K, reserved 1048576K
}

