# JRE version: Java(TM) SE Runtime Environment (8.0_92-b14) (build 1.8.0_92-b14)
# Java VM: Java HotSpot(TM) 64-Bit Server VM (25.92-b14 mixed mode linux-amd64 compressed oops)
Heap:
 PSYoungGen      total 2744832K, used 384245K [0x0000000715580000, 0x00000007c0000000, 0x00000007c0000000)
  eden space 2740736K, 14% used [0x0000000715580000,0x000000072ccbd640,0x00000007bca00000)
  from space 4096K, 0% used [0x00000007bfc00000,0x00000007bfc00000,0x00000007c0000000)
  to   space 27648K, 0% used [0x00000007bca00000,0x00000007bca00000,0x00000007be500000)
 ParOldGen       total 5592576K, used 69621K [0x00000005c0000000, 0x0000000715580000, 0x0000000715580000)
  object space 5592576K, 1% used [0x00000005c0000000,0x00000005c43fd420,0x0000000715580000)
 Metaspace       used 41805K, capacity 41995K, committed 42408K, reserved 1085440K
  class space    used 6769K, capacity 6830K, committed 6832K, reserved 1048576K
GC Heap History (10 events):
Event: 53,230 GC heap before
{Heap before GC invocations=46 (full 0):
 PSYoungGen      total 2791424K, used 2788228K [0x0000000715580000, 0x00000007c0000000, 0x00000007c0000000)
  eden space 2787328K, 100% used [0x0000000715580000,0x00000007bf780000,0x00000007bf780000)
  from space 4096K, 21% used [0x00000007bf780000,0x00000007bf8613c0,0x00000007bfb80000)
  to   space 4096K, 0% used [0x00000007bfc00000,0x00000007bfc00000,0x00000007c0000000)
 ParOldGen       total 5592576K, used 10818K [0x00000005c0000000, 0x0000000715580000, 0x0000000715580000)
  object space 5592576K, 0% used [0x00000005c0000000,0x00000005c0a90a90,0x0000000715580000)
 Metaspace       used 13368K, capacity 13670K, committed 13824K, reserved 1060864K
  class space    used 2485K, capacity 2515K, committed 2560K, reserved 1048576K
Event: 53,232 GC heap after
Heap after GC invocations=46 (full 0):
 PSYoungGen      total 2792448K, used 931K [0x0000000715580000, 0x00000007c0000000, 0x00000007c0000000)
  eden space 2788352K, 0% used [0x0000000715580000,0x0000000715580000,0x00000007bf880000)
  from space 4096K, 22% used [0x00000007bfc00000,0x00000007bfce8ef8,0x00000007c0000000)
  to   space 3584K, 0% used [0x00000007bf880000,0x00000007bf880000,0x00000007bfc00000)
 ParOldGen       total 5592576K, used 10826K [0x00000005c0000000, 0x0000000715580000, 0x0000000715580000)
  object space 5592576K, 0% used [0x00000005c0000000,0x00000005c0a92a90,0x0000000715580000)
 Metaspace       used 13368K, capacity 13670K, committed 13824K, reserved 1060864K
  class space    used 2485K, capacity 2515K, committed 2560K, reserved 1048576K
}
Event: 80,399 GC heap before
{Heap before GC invocations=47 (full 0):
 PSYoungGen      total 2792448K, used 587009K [0x0000000715580000, 0x00000007c0000000, 0x00000007c0000000)
  eden space 2788352K, 21% used [0x0000000715580000,0x00000007391d7800,0x00000007bf880000)
  from space 4096K, 22% used [0x00000007bfc00000,0x00000007bfce8ef8,0x00000007c0000000)
  to   space 3584K, 0% used [0x00000007bf880000,0x00000007bf880000,0x00000007bfc00000)
 ParOldGen       total 5592576K, used 10826K [0x00000005c0000000, 0x0000000715580000, 0x0000000715580000)
  object space 5592576K, 0% used [0x00000005c0000000,0x00000005c0a92a90,0x0000000715580000)
 Metaspace       used 20980K, capacity 21172K, committed 21296K, reserved 1067008K
  class space    used 3782K, capacity 3878K, committed 3888K, reserved 1048576K
Event: 80,404 GC heap after
Heap after GC invocations=47 (full 0):
 PSYoungGen      total 2791936K, used 3555K [0x0000000715580000, 0x00000007c0000000, 0x00000007c0000000)
  eden space 2788352K, 0% used [0x0000000715580000,0x0000000715580000,0x00000007bf880000)
  from space 3584K, 99% used [0x00000007bf880000,0x00000007bfbf8f40,0x00000007bfc00000)
  to   space 4096K, 0% used [0x00000007bfc00000,0x00000007bfc00000,0x00000007c0000000)
 ParOldGen       total 5592576K, used 13962K [0x00000005c0000000, 0x0000000715580000, 0x0000000715580000)
  object space 5592576K, 0% used [0x00000005c0000000,0x00000005c0da2930,0x0000000715580000)
 Metaspace       used 20980K, capacity 21172K, committed 21296K, reserved 1067008K
  class space    used 3782K, capacity 3878K, committed 3888K, reserved 1048576K
}
Event: 80,404 GC heap before
{Heap before GC invocations=48 (full 1):
 PSYoungGen      total 2791936K, used 3555K [0x0000000715580000, 0x00000007c0000000, 0x00000007c0000000)
  eden space 2788352K, 0% used [0x0000000715580000,0x0000000715580000,0x00000007bf880000)
  from space 3584K, 99% used [0x00000007bf880000,0x00000007bfbf8f40,0x00000007bfc00000)
  to   space 4096K, 0% used [0x00000007bfc00000,0x00000007bfc00000,0x00000007c0000000)
 ParOldGen       total 5592576K, used 13962K [0x00000005c0000000, 0x0000000715580000, 0x0000000715580000)
  object space 5592576K, 0% used [0x00000005c0000000,0x00000005c0da2930,0x0000000715580000)
 Metaspace       used 20980K, capacity 21172K, committed 21296K, reserved 1067008K
  class space    used 3782K, capacity 3878K, committed 3888K, reserved 1048576K
Event: 80,428 GC heap after
Heap after GC invocations=48 (full 1):
 PSYoungGen      total 2791936K, used 0K [0x0000000715580000, 0x00000007c0000000, 0x00000007c0000000)
  eden space 2788352K, 0% used [0x0000000715580000,0x0000000715580000,0x00000007bf880000)
  from space 3584K, 0% used [0x00000007bf880000,0x00000007bf880000,0x00000007bfc00000)
  to   space 4096K, 0% used [0x00000007bfc00000,0x00000007bfc00000,0x00000007c0000000)
 ParOldGen       total 5592576K, used 12355K [0x00000005c0000000, 0x0000000715580000, 0x0000000715580000)
  object space 5592576K, 0% used [0x00000005c0000000,0x00000005c0c10ed0,0x0000000715580000)
 Metaspace       used 20980K, capacity 21172K, committed 21296K, reserved 1067008K
  class space    used 3782K, capacity 3878K, committed 3888K, reserved 1048576K
}
Event: 86,058 GC heap before
{Heap before GC invocations=49 (full 1):
 PSYoungGen      total 2791936K, used 390915K [0x0000000715580000, 0x00000007c0000000, 0x00000007c0000000)
  eden space 2788352K, 14% used [0x0000000715580000,0x000000072d340f60,0x00000007bf880000)
  from space 3584K, 0% used [0x00000007bf880000,0x00000007bf880000,0x00000007bfc00000)
  to   space 4096K, 0% used [0x00000007bfc00000,0x00000007bfc00000,0x00000007c0000000)
 ParOldGen       total 5592576K, used 12355K [0x00000005c0000000, 0x0000000715580000, 0x0000000715580000)
  object space 5592576K, 0% used [0x00000005c0000000,0x00000005c0c10ed0,0x0000000715580000)
 Metaspace       used 34968K, capacity 35131K, committed 35496K, reserved 1079296K
  class space    used 5733K, capacity 5798K, committed 5808K, reserved 1048576K
Event: 86,122 GC heap after
Heap after GC invocations=49 (full 1):
 PSYoungGen      total 2744832K, used 4082K [0x0000000715580000, 0x00000007c0000000, 0x00000007c0000000)
  eden space 2740736K, 0% used [0x0000000715580000,0x0000000715580000,0x00000007bca00000)
  from space 4096K, 99% used [0x00000007bfc00000,0x00000007bfffc8b8,0x00000007c0000000)
  to   space 27648K, 0% used [0x00000007bca00000,0x00000007bca00000,0x00000007be500000)
 ParOldGen       total 5592576K, used 71137K [0x00000005c0000000, 0x0000000715580000, 0x0000000715580000)
  object space 5592576K, 1% used [0x00000005c0000000,0x00000005c4578620,0x0000000715580000)
 Metaspace       used 34968K, capacity 35131K, committed 35496K, reserved 1079296K
  class space    used 5733K, capacity 5798K, committed 5808K, reserved 1048576K
}
Event: 86,122 GC heap before
{Heap before GC invocations=50 (full 2):
 PSYoungGen      total 2744832K, used 4082K [0x0000000715580000, 0x00000007c0000000, 0x00000007c0000000)
  eden space 2740736K, 0% used [0x0000000715580000,0x0000000715580000,0x00000007bca00000)
  from space 4096K, 99% used [0x00000007bfc00000,0x00000007bfffc8b8,0x00000007c0000000)
  to   space 27648K, 0% used [0x00000007bca00000,0x00000007bca00000,0x00000007be500000)
 ParOldGen       total 5592576K, used 71137K [0x00000005c0000000, 0x0000000715580000, 0x0000000715580000)
  object space 5592576K, 1% used [0x00000005c0000000,0x00000005c4578620,0x0000000715580000)
 Metaspace       used 34968K, capacity 35131K, committed 35496K, reserved 1079296K
  class space    used 5733K, capacity 5798K, committed 5808K, reserved 1048576K
Event: 86,278 GC heap after
Heap after GC invocations=50 (full 2):
 PSYoungGen      total 2744832K, used 0K [0x0000000715580000, 0x00000007c0000000, 0x00000007c0000000)
  eden space 2740736K, 0% used [0x0000000715580000,0x0000000715580000,0x00000007bca00000)
  from space 4096K, 0% used [0x00000007bfc00000,0x00000007bfc00000,0x00000007c0000000)
  to   space 27648K, 0% used [0x00000007bca00000,0x00000007bca00000,0x00000007be500000)
 ParOldGen       total 5592576K, used 69621K [0x00000005c0000000, 0x0000000715580000, 0x0000000715580000)
  object space 5592576K, 1% used [0x00000005c0000000,0x00000005c43fd420,0x0000000715580000)
 Metaspace       used 34968K, capacity 35131K, committed 35496K, reserved 1079296K
  class space    used 5733K, capacity 5798K, committed 5808K, reserved 1048576K
}

